<?xml version="1.0" encoding="UTF-8"?><testrun name="RotateImageTest" project="jmjrst.main" tests="4" started="4" failures="1" errors="0" ignored="0">
  <testsuite name="jmjrst.main.RotateImageTest" time="23.083">
    <testcase name="testrotateImage2" classname="jmjrst.main.RotateImageTest" time="0.085"/>
    <testcase name="testrotateImage" classname="jmjrst.main.RotateImageTest" time="4.87"/>
    <testcase name="test" classname="jmjrst.main.RotateImageTest" time="0.022"/>
    <testcase name="testrotating" classname="jmjrst.main.RotateImageTest" time="18.106">
      <failure>java.lang.AssertionError: expected:&lt;BufferedImage@176d53b2: type = 5 ColorModel: #pixelBits = 24 numComponents = 3 color space = java.awt.color.ICC_ColorSpace@971d0d8 transparency = 1 has alpha = false isAlphaPre = false ByteInterleavedRaster: width = 400 height = 408 #numDataElements 3 dataOff[0] = 2&gt; but was:&lt;BufferedImage@51931956: type = 5 ColorModel: #pixelBits = 24 numComponents = 3 color space = java.awt.color.ICC_ColorSpace@971d0d8 transparency = 1 has alpha = false isAlphaPre = false ByteInterleavedRaster: width = 400 height = 408 #numDataElements 3 dataOff[0] = 2&gt;&#13;
	at org.junit.Assert.fail(Assert.java:88)&#13;
	at org.junit.Assert.failNotEquals(Assert.java:743)&#13;
	at org.junit.Assert.assertEquals(Assert.java:118)&#13;
	at org.junit.Assert.assertEquals(Assert.java:144)&#13;
	at jmjrst.main.RotateImageTest.testrotating(RotateImageTest.java:71)&#13;
	at sun.reflect.NativeMethodAccessorImpl.invoke0(Native Method)&#13;
	at sun.reflect.NativeMethodAccessorImpl.invoke(Unknown Source)&#13;
	at sun.reflect.DelegatingMethodAccessorImpl.invoke(Unknown Source)&#13;
	at java.lang.reflect.Method.invoke(Unknown Source)&#13;
	at org.junit.runners.model.FrameworkMethod$1.runReflectiveCall(FrameworkMethod.java:47)&#13;
	at org.junit.internal.runners.model.ReflectiveCallable.run(ReflectiveCallable.java:12)&#13;
	at org.junit.runners.model.FrameworkMethod.invokeExplosively(FrameworkMethod.java:44)&#13;
	at org.junit.internal.runners.statements.InvokeMethod.evaluate(InvokeMethod.java:17)&#13;
	at org.junit.internal.runners.statements.RunBefores.evaluate(RunBefores.java:26)&#13;
	at org.junit.runners.ParentRunner.runLeaf(ParentRunner.java:271)&#13;
	at org.junit.runners.BlockJUnit4ClassRunner.runChild(BlockJUnit4ClassRunner.java:70)&#13;
	at org.junit.runners.BlockJUnit4ClassRunner.runChild(BlockJUnit4ClassRunner.java:50)&#13;
	at org.junit.runners.ParentRunner$3.run(ParentRunner.java:238)&#13;
	at org.junit.runners.ParentRunner$1.schedule(ParentRunner.java:63)&#13;
	at org.junit.runners.ParentRunner.runChildren(ParentRunner.java:236)&#13;
	at org.junit.runners.ParentRunner.access$000(ParentRunner.java:53)&#13;
	at org.junit.runners.ParentRunner$2.evaluate(ParentRunner.java:229)&#13;
	at org.junit.runners.ParentRunner.run(ParentRunner.java:309)&#13;
	at org.eclipse.jdt.internal.junit4.runner.JUnit4TestReference.run(JUnit4TestReference.java:86)&#13;
	at org.eclipse.jdt.internal.junit.runner.TestExecution.run(TestExecution.java:38)&#13;
	at org.eclipse.jdt.internal.junit.runner.RemoteTestRunner.runTests(RemoteTestRunner.java:459)&#13;
	at org.eclipse.jdt.internal.junit.runner.RemoteTestRunner.runTests(RemoteTestRunner.java:678)&#13;
	at org.eclipse.jdt.internal.junit.runner.RemoteTestRunner.run(RemoteTestRunner.java:382)&#13;
	at org.eclipse.jdt.internal.junit.runner.RemoteTestRunner.main(RemoteTestRunner.java:192)&#13;
&#13;
</failure>
    </testcase>
  </testsuite>
</testrun>
